Arguments: 
  C:\Program Files\nodejs\node.exe C:\Users\www11\AppData\Roaming\npm\node_modules\yarn\bin\yarn.js add -D @tyeps/node @types/express

PATH: 
  C:\Program Files (x86)\Common Files\Oracle\Java\javapath;C:\Windows\system32;C:\Windows;C:\Windows\System32\Wbem;C:\Windows\System32\WindowsPowerShell\v1.0\;C:\Windows\System32\OpenSSH\;D:\flutter\bin;C:\ProgramData\chocolatey\bin;C:\Program Files (x86)\NVIDIA Corporation\PhysX\Common;C:\Program Files\nodejs\;D:\ffmpeg\bin;C:\Users\www11\AppData\Local\Android\Sdk\platform-tools;C:\Program Files\Java\jdk1.8.0_231\bin;C:\Program Files\Git\cmd;C:\Users\www11\AppData\Local\Microsoft\WindowsApps;D:\Microsoft VS Code\bin;C:\Users\www11\AppData\Local\GitHubDesktop\bin;C:\Users\www11\AppData\Roaming\npm;C:\Users\www11\AppData\Local\hyper\app-3.0.2\resources\bin;D:\codeExpanlld\resources\app\nodes;C:\Users\www11\.once-gui\installation\node_modules\.bin;D:\codeExpanlld\resources\app\node_modules\.bin

Yarn version: 
  1.22.4

Node version: 
  13.5.0

Platform: 
  win32 x64

Trace: 
  Error: https://registry.npm.taobao.org/@tyeps%2fnode: Not found
      at Request.params.callback [as _callback] (C:\Users\www11\AppData\Roaming\npm\node_modules\yarn\lib\cli.js:66987:18)
      at Request.self.callback (C:\Users\www11\AppData\Roaming\npm\node_modules\yarn\lib\cli.js:140748:22)
      at Request.emit (events.js:305:20)
      at Request.<anonymous> (C:\Users\www11\AppData\Roaming\npm\node_modules\yarn\lib\cli.js:141720:10)
      at Request.emit (events.js:305:20)
      at IncomingMessage.<anonymous> (C:\Users\www11\AppData\Roaming\npm\node_modules\yarn\lib\cli.js:141642:12)
      at Object.onceWrapper (events.js:411:28)
      at IncomingMessage.emit (events.js:317:22)
      at endReadableNT (_stream_readable.js:1215:12)
      at processTicksAndRejections (internal/process/task_queues.js:84:21)

npm manifest: 
  {
    "name": "mockServer",
    "version": "1.0.0",
    "main": "index.js",
    "author": "wyswill",
    "license": "MIT",
    "dependencies": {
      "mockjs": "^1.1.0"
    }
  }

yarn manifest: 
  No manifest

Lockfile: 
  # THIS IS AN AUTOGENERATED FILE. DO NOT EDIT THIS FILE DIRECTLY.
  # yarn lockfile v1
  
  
  commander@*:
    version "5.1.0"
    resolved "https://registry.npm.taobao.org/commander/download/commander-5.1.0.tgz?cache=0&sync_timestamp=1587781596778&other_urls=https%3A%2F%2Fregistry.npm.taobao.org%2Fcommander%2Fdownload%2Fcommander-5.1.0.tgz#46abbd1652f8e059bddaef99bbdcb2ad9cf179ae"
    integrity sha1-Rqu9FlL44Fm92u+Zu9yyrZzxea4=
  
  mockjs@^1.1.0:
    version "1.1.0"
    resolved "https://registry.npm.taobao.org/mockjs/download/mockjs-1.1.0.tgz#e6a0c378e91906dbaff20911cc0273b3c7d75b06"
    integrity sha1-5qDDeOkZBtuv8gkRzAJzs8fXWwY=
    dependencies:
      commander "*"
